
======================================================================
IMPROVED DATASET SUMMARY
======================================================================
   customer_id  age  tenure_months  ...      cate  churn  retained
0            1   52             14  ...  0.125634      0         1
1            2   42              5  ...  0.157188      0         1
2            3   54              7  ...  0.157238      0         1
3            4   67              9  ...  0.079767      0         1
4            5   41             16  ...  0.068871      0         1
5            6   41             15  ... -0.111883      0         1
6            7   68              7  ...  0.110059      0         1
7            8   56              5  ... -0.144056      0         1
8            9   37             12  ...  0.103923      1         0
9           10   53              6  ...  0.078332      0         1

[10 rows x 33 columns]

         customer_id            age  tenure_months  annual_income  purchase_frequency  avg_order_value  account_age_days  support_tickets  email_opens_last_30days  website_visits_last_30days  cart_abandonment_rate  app_downloads  referral_program_member  newsletter_subscriber  last_purchase_days_ago  engagement_score  days_since_signup  purchase_recency  avg_discount_used   return_rate  complaint_count      treatment           cate          churn       retained
count  100000.000000  100000.000000  100000.000000  100000.000000       100000.000000    100000.000000     100000.000000     100000.00000            100000.000000               100000.000000          100000.000000  100000.000000             100000.00000          100000.000000           100000.000000     100000.000000      100000.000000     100000.000000      100000.000000  1.000000e+05    100000.000000  100000.000000  100000.000000  100000.000000  100000.000000
mean    50000.500000      44.704140       9.511860   49999.415080            5.007800        99.886491        799.903570          2.00001                11.999870                    8.006130               0.286013       0.297880                  0.15140               0.451270               29.977830          0.502462         799.903570         29.977830          40.015754  9.081961e-02         0.502050       0.465520       0.005072       0.232450       0.767550
std     28867.657797      14.387082       4.492211   46898.436757            2.243464        14.119237         28.268696          1.41827                 2.197512                    2.829585               0.159756       0.457329                  0.35844               0.497622                5.468009          0.110542          28.268696          5.468009          19.929674  8.306279e-02         0.708887       0.498812       0.112813       0.422396       0.422396
min         1.000000      18.000000       0.000000    1210.000000            0.000000        51.181392        687.000000          0.00000                 2.000000                    0.000000               0.000117       0.000000                  0.00000               0.000000                9.000000          0.186418         687.000000          9.000000           0.066635  9.502649e-07         0.000000       0.000000      -0.350000       0.000000       0.000000
25%     25000.750000      34.000000       6.000000   21134.000000            3.000000        90.026921        781.000000          1.00000                11.000000                    6.000000               0.162127       0.000000                  0.00000               0.000000               26.000000          0.419983         781.000000         26.000000          24.395674  2.824213e-02         0.000000       0.000000      -0.080400       0.000000       1.000000
50%     50000.500000      45.000000       9.000000   36390.500000            5.000000        99.240818        800.000000          2.00000                12.000000                    8.000000               0.264724       0.000000                  0.00000               0.000000               30.000000          0.477388         800.000000         30.000000          38.626765  6.688422e-02         0.000000       0.000000       0.008046       0.000000       1.000000
75%     75000.250000      55.000000      12.000000   62218.250000            6.000000       108.978073        819.000000          3.00000                14.000000                   10.000000               0.388715       1.000000                  0.00000               1.000000               34.000000          0.587212         819.000000         34.000000          54.304886  1.290965e-01         1.000000       1.000000       0.090713       0.000000       1.000000
max    100000.000000      80.000000      41.000000  834466.000000           18.000000       166.659592        927.000000         10.00000                20.000000                   22.000000               0.936416       1.000000                  1.00000               1.000000               59.000000          0.892836         927.000000         59.000000          98.474641  6.845630e-01         6.000000       1.000000       0.350000       1.000000       1.000000

======================================================================
KEY IMPROVEMENTS:
======================================================================
✓ Realistic effect size: 0.0051 (~8-10%)
✓ Strong heterogeneity: std=0.1128 (target: 0.10+)
✓ Negative effects present: 47.7% (realistic)
✓ Segment-specific effects: VIP=0.1083, Dormant=-0.1128
======================================================================
